<?xml version="1.0" encoding="UTF-8"?>
<!-- Generated by org.testng.reporters.JUnitReportReporter -->
<testsuite skipped="0" hostname="WSD009" name="test.VerifyLoginPageNew" tests="1" failures="0" timestamp="31 May 2017 06:24:50 GMT" time="16.926" errors="0">
  <testcase name="checkValidUser" time="16.926" classname="test.VerifyLoginPageNew"/>
</testsuite> <!-- test.VerifyLoginPageNew -->
