<?xml version="1.0" encoding="UTF-8"?>
<!-- Generated by org.testng.reporters.JUnitReportReporter -->
<testsuite skipped="0" hostname="WSD009" name="test.VerifyLoginPage" tests="1" failures="0" timestamp="30 May 2017 09:40:17 GMT" time="25.450" errors="0">
  <testcase name="verifyLoginPageActitime" time="25.450" classname="test.VerifyLoginPage"/>
</testsuite> <!-- test.VerifyLoginPage -->
